2024-09-17T17:23:00.551+02:00  INFO 12400 --- [GatedCommunity] [main] g.GatedCommunityApplication              : Starting GatedCommunityApplication using Java 17.0.12 with PID 12400 (C:\Git\ProjektCohort44FS\GatedCommunity\target\classes started by Andreas in C:\Git\ProjektCohort44FS\GatedCommunity)
2024-09-17T17:23:00.595+02:00  INFO 12400 --- [GatedCommunity] [main] g.GatedCommunityApplication              : The following 1 profile is active: "dev"
2024-09-17T17:23:04.406+02:00  INFO 12400 --- [GatedCommunity] [main] .s.d.r.c.RepositoryConfigurationDelegate : Bootstrapping Spring Data JPA repositories in DEFAULT mode.
2024-09-17T17:23:04.716+02:00  INFO 12400 --- [GatedCommunity] [main] .s.d.r.c.RepositoryConfigurationDelegate : Finished Spring Data repository scanning in 280 ms. Found 5 JPA repository interfaces.
2024-09-17T17:23:07.839+02:00  INFO 12400 --- [GatedCommunity] [main] o.s.b.w.embedded.tomcat.TomcatWebServer  : Tomcat initialized with port 8080 (http)
2024-09-17T17:23:07.894+02:00  INFO 12400 --- [GatedCommunity] [main] o.apache.catalina.core.StandardService   : Starting service [Tomcat]
2024-09-17T17:23:07.895+02:00  INFO 12400 --- [GatedCommunity] [main] o.apache.catalina.core.StandardEngine    : Starting Servlet engine: [Apache Tomcat/10.1.28]
2024-09-17T17:23:08.122+02:00  INFO 12400 --- [GatedCommunity] [main] o.a.c.c.C.[Tomcat].[localhost].[/api]    : Initializing Spring embedded WebApplicationContext
2024-09-17T17:23:08.123+02:00  INFO 12400 --- [GatedCommunity] [main] w.s.c.ServletWebServerApplicationContext : Root WebApplicationContext: initialization completed in 7160 ms
2024-09-17T17:23:08.743+02:00  INFO 12400 --- [GatedCommunity] [main] com.zaxxer.hikari.HikariDataSource       : HikariPool-1 - Starting...
2024-09-17T17:23:09.800+02:00  INFO 12400 --- [GatedCommunity] [main] com.zaxxer.hikari.pool.HikariPool        : HikariPool-1 - Added connection org.postgresql.jdbc.PgConnection@798cf6d2
2024-09-17T17:23:09.804+02:00  INFO 12400 --- [GatedCommunity] [main] com.zaxxer.hikari.HikariDataSource       : HikariPool-1 - Start completed.
2024-09-17T17:23:10.297+02:00  INFO 12400 --- [GatedCommunity] [main] liquibase.database                       : Set default schema name to public
2024-09-17T17:23:12.657+02:00  INFO 12400 --- [GatedCommunity] [main] liquibase.changelog                      : Reading from public.databasechangelog
2024-09-17T17:23:12.811+02:00  INFO 12400 --- [GatedCommunity] [main] liquibase.ui                             : Database is up to date, no changesets to execute
2024-09-17T17:23:12.816+02:00  INFO 12400 --- [GatedCommunity] [main] liquibase.changelog                      : Reading from public.databasechangelog
2024-09-17T17:23:12.840+02:00  INFO 12400 --- [GatedCommunity] [main] liquibase.util                           : UPDATE SUMMARY
2024-09-17T17:23:12.841+02:00  INFO 12400 --- [GatedCommunity] [main] liquibase.util                           : Run:                          0
2024-09-17T17:23:12.842+02:00  INFO 12400 --- [GatedCommunity] [main] liquibase.util                           : Previously run:              15
2024-09-17T17:23:12.843+02:00  INFO 12400 --- [GatedCommunity] [main] liquibase.util                           : Filtered out:                 0
2024-09-17T17:23:12.844+02:00  INFO 12400 --- [GatedCommunity] [main] liquibase.util                           : -------------------------------
2024-09-17T17:23:12.845+02:00  INFO 12400 --- [GatedCommunity] [main] liquibase.util                           : Total change sets:           15
2024-09-17T17:23:12.847+02:00  INFO 12400 --- [GatedCommunity] [main] liquibase.util                           : Update summary generated
2024-09-17T17:23:12.981+02:00  INFO 12400 --- [GatedCommunity] [main] liquibase.lockservice                    : Successfully released change log lock
2024-09-17T17:23:12.987+02:00  INFO 12400 --- [GatedCommunity] [main] liquibase.command                        : Command execution complete
2024-09-17T17:23:13.284+02:00  INFO 12400 --- [GatedCommunity] [main] o.hibernate.jpa.internal.util.LogHelper  : HHH000204: Processing PersistenceUnitInfo [name: default]
2024-09-17T17:23:13.537+02:00  INFO 12400 --- [GatedCommunity] [main] org.hibernate.Version                    : HHH000412: Hibernate ORM core version 6.5.2.Final
2024-09-17T17:23:13.701+02:00  INFO 12400 --- [GatedCommunity] [main] o.h.c.internal.RegionFactoryInitiator    : HHH000026: Second-level cache disabled
2024-09-17T17:23:15.084+02:00  INFO 12400 --- [GatedCommunity] [main] o.s.o.j.p.SpringPersistenceUnitInfo      : No LoadTimeWeaver setup: ignoring JPA class transformer
2024-09-17T17:23:18.708+02:00  INFO 12400 --- [GatedCommunity] [main] o.h.e.t.j.p.i.JtaPlatformInitiator       : HHH000489: No JTA platform available (set 'hibernate.transaction.jta.platform' to enable JTA platform integration)
2024-09-17T17:23:18.717+02:00  INFO 12400 --- [GatedCommunity] [main] j.LocalContainerEntityManagerFactoryBean : Initialized JPA EntityManagerFactory for persistence unit 'default'
2024-09-17T17:23:20.604+02:00  WARN 12400 --- [GatedCommunity] [main] .s.s.UserDetailsServiceAutoConfiguration : 

Using generated security password: 652d2233-dec8-46ee-b714-62af56387545

This generated password is for development use only. Your security configuration must be updated before running your application in production.

2024-09-17T17:23:21.572+02:00  WARN 12400 --- [GatedCommunity] [main] JpaBaseConfiguration$JpaWebConfiguration : spring.jpa.open-in-view is enabled by default. Therefore, database queries may be performed during view rendering. Explicitly configure spring.jpa.open-in-view to disable this warning
2024-09-17T17:23:21.655+02:00  INFO 12400 --- [GatedCommunity] [main] r$InitializeUserDetailsManagerConfigurer : Global AuthenticationManager configured with UserDetailsService bean with name inMemoryUserDetailsManager
2024-09-17T17:23:25.861+02:00  WARN 12400 --- [GatedCommunity] [main] o.s.b.a.f.FreeMarkerAutoConfiguration    : Cannot find template location: [classpath:/templates/] (please add some templates, check your FreeMarker configuration, or set spring.freemarker.check-template-location=false)
2024-09-17T17:23:26.172+02:00  INFO 12400 --- [GatedCommunity] [main] o.s.b.w.embedded.tomcat.TomcatWebServer  : Tomcat started on port 8080 (http) with context path '/api'
2024-09-17T17:23:26.195+02:00  INFO 12400 --- [GatedCommunity] [main] g.GatedCommunityApplication              : Started GatedCommunityApplication in 29.465 seconds (process running for 32.347)
2024-09-17T18:24:02.432+02:00  INFO 12400 --- [GatedCommunity] [SpringApplicationShutdownHook] j.LocalContainerEntityManagerFactoryBean : Closing JPA EntityManagerFactory for persistence unit 'default'
2024-09-17T18:24:02.449+02:00  INFO 12400 --- [GatedCommunity] [SpringApplicationShutdownHook] com.zaxxer.hikari.HikariDataSource       : HikariPool-1 - Shutdown initiated...
2024-09-17T18:24:02.457+02:00  INFO 12400 --- [GatedCommunity] [SpringApplicationShutdownHook] com.zaxxer.hikari.HikariDataSource       : HikariPool-1 - Shutdown completed.
2024-09-17T18:24:26.243+02:00  INFO 20416 --- [GatedCommunity] [main] g.GatedCommunityApplication              : Starting GatedCommunityApplication using Java 17.0.12 with PID 20416 (C:\Git\ProjektCohort44FS\GatedCommunity\target\classes started by Andreas in C:\Git\ProjektCohort44FS\GatedCommunity)
2024-09-17T18:24:26.249+02:00  INFO 20416 --- [GatedCommunity] [main] g.GatedCommunityApplication              : The following 1 profile is active: "dev"
2024-09-17T18:24:28.910+02:00  INFO 20416 --- [GatedCommunity] [main] .s.d.r.c.RepositoryConfigurationDelegate : Bootstrapping Spring Data JPA repositories in DEFAULT mode.
2024-09-17T18:24:29.188+02:00  INFO 20416 --- [GatedCommunity] [main] .s.d.r.c.RepositoryConfigurationDelegate : Finished Spring Data repository scanning in 222 ms. Found 5 JPA repository interfaces.
2024-09-17T18:24:30.956+02:00  INFO 20416 --- [GatedCommunity] [main] o.s.b.w.embedded.tomcat.TomcatWebServer  : Tomcat initialized with port 8080 (http)
2024-09-17T18:24:30.991+02:00  INFO 20416 --- [GatedCommunity] [main] o.apache.catalina.core.StandardService   : Starting service [Tomcat]
2024-09-17T18:24:30.992+02:00  INFO 20416 --- [GatedCommunity] [main] o.apache.catalina.core.StandardEngine    : Starting Servlet engine: [Apache Tomcat/10.1.28]
2024-09-17T18:24:31.199+02:00  INFO 20416 --- [GatedCommunity] [main] o.a.c.c.C.[Tomcat].[localhost].[/api]    : Initializing Spring embedded WebApplicationContext
2024-09-17T18:24:31.200+02:00  INFO 20416 --- [GatedCommunity] [main] w.s.c.ServletWebServerApplicationContext : Root WebApplicationContext: initialization completed in 4804 ms
2024-09-17T18:24:31.499+02:00  INFO 20416 --- [GatedCommunity] [main] com.zaxxer.hikari.HikariDataSource       : HikariPool-1 - Starting...
2024-09-17T18:24:31.854+02:00  INFO 20416 --- [GatedCommunity] [main] com.zaxxer.hikari.pool.HikariPool        : HikariPool-1 - Added connection org.postgresql.jdbc.PgConnection@649b5891
2024-09-17T18:24:31.857+02:00  INFO 20416 --- [GatedCommunity] [main] com.zaxxer.hikari.HikariDataSource       : HikariPool-1 - Start completed.
2024-09-17T18:24:32.306+02:00  INFO 20416 --- [GatedCommunity] [main] liquibase.database                       : Set default schema name to public
2024-09-17T18:24:34.245+02:00  INFO 20416 --- [GatedCommunity] [main] liquibase.changelog                      : Reading from public.databasechangelog
2024-09-17T18:24:34.381+02:00  INFO 20416 --- [GatedCommunity] [main] liquibase.ui                             : Database is up to date, no changesets to execute
2024-09-17T18:24:34.390+02:00  INFO 20416 --- [GatedCommunity] [main] liquibase.changelog                      : Reading from public.databasechangelog
2024-09-17T18:24:34.408+02:00  INFO 20416 --- [GatedCommunity] [main] liquibase.util                           : UPDATE SUMMARY
2024-09-17T18:24:34.409+02:00  INFO 20416 --- [GatedCommunity] [main] liquibase.util                           : Run:                          0
2024-09-17T18:24:34.409+02:00  INFO 20416 --- [GatedCommunity] [main] liquibase.util                           : Previously run:              15
2024-09-17T18:24:34.409+02:00  INFO 20416 --- [GatedCommunity] [main] liquibase.util                           : Filtered out:                 0
2024-09-17T18:24:34.409+02:00  INFO 20416 --- [GatedCommunity] [main] liquibase.util                           : -------------------------------
2024-09-17T18:24:34.409+02:00  INFO 20416 --- [GatedCommunity] [main] liquibase.util                           : Total change sets:           15
2024-09-17T18:24:34.411+02:00  INFO 20416 --- [GatedCommunity] [main] liquibase.util                           : Update summary generated
2024-09-17T18:24:34.474+02:00  INFO 20416 --- [GatedCommunity] [main] liquibase.lockservice                    : Successfully released change log lock
2024-09-17T18:24:34.478+02:00  INFO 20416 --- [GatedCommunity] [main] liquibase.command                        : Command execution complete
2024-09-17T18:24:34.662+02:00  INFO 20416 --- [GatedCommunity] [main] o.hibernate.jpa.internal.util.LogHelper  : HHH000204: Processing PersistenceUnitInfo [name: default]
2024-09-17T18:24:34.779+02:00  INFO 20416 --- [GatedCommunity] [main] org.hibernate.Version                    : HHH000412: Hibernate ORM core version 6.5.2.Final
2024-09-17T18:24:34.851+02:00  INFO 20416 --- [GatedCommunity] [main] o.h.c.internal.RegionFactoryInitiator    : HHH000026: Second-level cache disabled
2024-09-17T18:24:35.508+02:00  INFO 20416 --- [GatedCommunity] [main] o.s.o.j.p.SpringPersistenceUnitInfo      : No LoadTimeWeaver setup: ignoring JPA class transformer
2024-09-17T18:24:38.236+02:00  INFO 20416 --- [GatedCommunity] [main] o.h.e.t.j.p.i.JtaPlatformInitiator       : HHH000489: No JTA platform available (set 'hibernate.transaction.jta.platform' to enable JTA platform integration)
2024-09-17T18:24:38.242+02:00  INFO 20416 --- [GatedCommunity] [main] j.LocalContainerEntityManagerFactoryBean : Initialized JPA EntityManagerFactory for persistence unit 'default'
2024-09-17T18:24:39.349+02:00  WARN 20416 --- [GatedCommunity] [main] .s.s.UserDetailsServiceAutoConfiguration : 

Using generated security password: 883d499e-e52c-41d4-8e0e-5452090c7e99

This generated password is for development use only. Your security configuration must be updated before running your application in production.

2024-09-17T18:24:39.803+02:00  WARN 20416 --- [GatedCommunity] [main] JpaBaseConfiguration$JpaWebConfiguration : spring.jpa.open-in-view is enabled by default. Therefore, database queries may be performed during view rendering. Explicitly configure spring.jpa.open-in-view to disable this warning
2024-09-17T18:24:39.939+02:00  INFO 20416 --- [GatedCommunity] [main] r$InitializeUserDetailsManagerConfigurer : Global AuthenticationManager configured with UserDetailsService bean with name inMemoryUserDetailsManager
2024-09-17T18:24:41.999+02:00  WARN 20416 --- [GatedCommunity] [main] o.s.b.a.f.FreeMarkerAutoConfiguration    : Cannot find template location: [classpath:/templates/] (please add some templates, check your FreeMarker configuration, or set spring.freemarker.check-template-location=false)
2024-09-17T18:24:42.193+02:00  INFO 20416 --- [GatedCommunity] [main] o.s.b.w.embedded.tomcat.TomcatWebServer  : Tomcat started on port 8080 (http) with context path '/api'
2024-09-17T18:24:42.218+02:00  INFO 20416 --- [GatedCommunity] [main] g.GatedCommunityApplication              : Started GatedCommunityApplication in 17.262 seconds (process running for 21.421)
2024-09-17T18:26:37.366+02:00  INFO 20416 --- [GatedCommunity] [SpringApplicationShutdownHook] j.LocalContainerEntityManagerFactoryBean : Closing JPA EntityManagerFactory for persistence unit 'default'
2024-09-17T18:26:37.381+02:00  INFO 20416 --- [GatedCommunity] [SpringApplicationShutdownHook] com.zaxxer.hikari.HikariDataSource       : HikariPool-1 - Shutdown initiated...
2024-09-17T18:26:37.425+02:00  INFO 20416 --- [GatedCommunity] [SpringApplicationShutdownHook] com.zaxxer.hikari.HikariDataSource       : HikariPool-1 - Shutdown completed.
2024-09-17T18:27:02.043+02:00  INFO 17120 --- [GatedCommunity] [main] g.GatedCommunityApplication              : Starting GatedCommunityApplication using Java 17.0.12 with PID 17120 (C:\Git\ProjektCohort44FS\GatedCommunity\target\classes started by Andreas in C:\Git\ProjektCohort44FS\GatedCommunity)
2024-09-17T18:27:02.048+02:00  INFO 17120 --- [GatedCommunity] [main] g.GatedCommunityApplication              : The following 1 profile is active: "dev"
2024-09-17T18:27:05.381+02:00  INFO 17120 --- [GatedCommunity] [main] .s.d.r.c.RepositoryConfigurationDelegate : Bootstrapping Spring Data JPA repositories in DEFAULT mode.
2024-09-17T18:27:05.597+02:00  INFO 17120 --- [GatedCommunity] [main] .s.d.r.c.RepositoryConfigurationDelegate : Finished Spring Data repository scanning in 191 ms. Found 5 JPA repository interfaces.
2024-09-17T18:27:07.684+02:00  INFO 17120 --- [GatedCommunity] [main] o.s.b.w.embedded.tomcat.TomcatWebServer  : Tomcat initialized with port 8080 (http)
2024-09-17T18:27:07.721+02:00  INFO 17120 --- [GatedCommunity] [main] o.apache.catalina.core.StandardService   : Starting service [Tomcat]
2024-09-17T18:27:07.721+02:00  INFO 17120 --- [GatedCommunity] [main] o.apache.catalina.core.StandardEngine    : Starting Servlet engine: [Apache Tomcat/10.1.28]
2024-09-17T18:27:07.923+02:00  INFO 17120 --- [GatedCommunity] [main] o.a.c.c.C.[Tomcat].[localhost].[/api]    : Initializing Spring embedded WebApplicationContext
2024-09-17T18:27:07.925+02:00  INFO 17120 --- [GatedCommunity] [main] w.s.c.ServletWebServerApplicationContext : Root WebApplicationContext: initialization completed in 5649 ms
2024-09-17T18:27:08.290+02:00  INFO 17120 --- [GatedCommunity] [main] com.zaxxer.hikari.HikariDataSource       : HikariPool-1 - Starting...
2024-09-17T18:27:08.734+02:00  INFO 17120 --- [GatedCommunity] [main] com.zaxxer.hikari.pool.HikariPool        : HikariPool-1 - Added connection org.postgresql.jdbc.PgConnection@e0d1dc4
2024-09-17T18:27:08.738+02:00  INFO 17120 --- [GatedCommunity] [main] com.zaxxer.hikari.HikariDataSource       : HikariPool-1 - Start completed.
2024-09-17T18:27:09.213+02:00  INFO 17120 --- [GatedCommunity] [main] liquibase.database                       : Set default schema name to public
2024-09-17T18:27:11.347+02:00  INFO 17120 --- [GatedCommunity] [main] liquibase.changelog                      : Reading from public.databasechangelog
2024-09-17T18:27:11.513+02:00  INFO 17120 --- [GatedCommunity] [main] liquibase.ui                             : Database is up to date, no changesets to execute
2024-09-17T18:27:11.517+02:00  INFO 17120 --- [GatedCommunity] [main] liquibase.changelog                      : Reading from public.databasechangelog
2024-09-17T18:27:11.545+02:00  INFO 17120 --- [GatedCommunity] [main] liquibase.util                           : UPDATE SUMMARY
2024-09-17T18:27:11.546+02:00  INFO 17120 --- [GatedCommunity] [main] liquibase.util                           : Run:                          0
2024-09-17T18:27:11.546+02:00  INFO 17120 --- [GatedCommunity] [main] liquibase.util                           : Previously run:              15
2024-09-17T18:27:11.546+02:00  INFO 17120 --- [GatedCommunity] [main] liquibase.util                           : Filtered out:                 0
2024-09-17T18:27:11.546+02:00  INFO 17120 --- [GatedCommunity] [main] liquibase.util                           : -------------------------------
2024-09-17T18:27:11.546+02:00  INFO 17120 --- [GatedCommunity] [main] liquibase.util                           : Total change sets:           15
2024-09-17T18:27:11.548+02:00  INFO 17120 --- [GatedCommunity] [main] liquibase.util                           : Update summary generated
2024-09-17T18:27:11.619+02:00  INFO 17120 --- [GatedCommunity] [main] liquibase.lockservice                    : Successfully released change log lock
2024-09-17T18:27:11.627+02:00  INFO 17120 --- [GatedCommunity] [main] liquibase.command                        : Command execution complete
2024-09-17T18:27:11.926+02:00  INFO 17120 --- [GatedCommunity] [main] o.hibernate.jpa.internal.util.LogHelper  : HHH000204: Processing PersistenceUnitInfo [name: default]
2024-09-17T18:27:12.121+02:00  INFO 17120 --- [GatedCommunity] [main] org.hibernate.Version                    : HHH000412: Hibernate ORM core version 6.5.2.Final
2024-09-17T18:27:12.253+02:00  INFO 17120 --- [GatedCommunity] [main] o.h.c.internal.RegionFactoryInitiator    : HHH000026: Second-level cache disabled
2024-09-17T18:27:13.200+02:00  INFO 17120 --- [GatedCommunity] [main] o.s.o.j.p.SpringPersistenceUnitInfo      : No LoadTimeWeaver setup: ignoring JPA class transformer
2024-09-17T18:27:16.060+02:00  INFO 17120 --- [GatedCommunity] [main] o.h.e.t.j.p.i.JtaPlatformInitiator       : HHH000489: No JTA platform available (set 'hibernate.transaction.jta.platform' to enable JTA platform integration)
2024-09-17T18:27:16.070+02:00  INFO 17120 --- [GatedCommunity] [main] j.LocalContainerEntityManagerFactoryBean : Initialized JPA EntityManagerFactory for persistence unit 'default'
2024-09-17T18:27:17.034+02:00  WARN 17120 --- [GatedCommunity] [main] .s.s.UserDetailsServiceAutoConfiguration : 

Using generated security password: bd2133f7-4695-4b13-9628-6e309017de6a

This generated password is for development use only. Your security configuration must be updated before running your application in production.

2024-09-17T18:27:17.591+02:00  WARN 17120 --- [GatedCommunity] [main] JpaBaseConfiguration$JpaWebConfiguration : spring.jpa.open-in-view is enabled by default. Therefore, database queries may be performed during view rendering. Explicitly configure spring.jpa.open-in-view to disable this warning
2024-09-17T18:27:17.683+02:00  INFO 17120 --- [GatedCommunity] [main] r$InitializeUserDetailsManagerConfigurer : Global AuthenticationManager configured with UserDetailsService bean with name inMemoryUserDetailsManager
2024-09-17T18:27:19.333+02:00  WARN 17120 --- [GatedCommunity] [main] o.s.b.a.f.FreeMarkerAutoConfiguration    : Cannot find template location: [classpath:/templates/] (please add some templates, check your FreeMarker configuration, or set spring.freemarker.check-template-location=false)
2024-09-17T18:27:19.509+02:00  INFO 17120 --- [GatedCommunity] [main] o.s.b.w.embedded.tomcat.TomcatWebServer  : Tomcat started on port 8080 (http) with context path '/api'
2024-09-17T18:27:19.547+02:00  INFO 17120 --- [GatedCommunity] [main] g.GatedCommunityApplication              : Started GatedCommunityApplication in 19.517 seconds (process running for 22.889)
2024-09-17T18:27:32.415+02:00  INFO 17120 --- [GatedCommunity] [SpringApplicationShutdownHook] j.LocalContainerEntityManagerFactoryBean : Closing JPA EntityManagerFactory for persistence unit 'default'
2024-09-17T18:27:32.425+02:00  INFO 17120 --- [GatedCommunity] [SpringApplicationShutdownHook] com.zaxxer.hikari.HikariDataSource       : HikariPool-1 - Shutdown initiated...
2024-09-17T18:27:32.439+02:00  INFO 17120 --- [GatedCommunity] [SpringApplicationShutdownHook] com.zaxxer.hikari.HikariDataSource       : HikariPool-1 - Shutdown completed.
